<?xml version="1.0" encoding="UTF-8"?>
<!-- Generated by org.testng.reporters.JUnitXMLReporter -->
<testsuite ignored="0" hostname="LAPTOP-GF5D5DBM" failures="1" tests="1" name="Test" time="14.17" errors="0" timestamp="2021-01-31T23:16:20 CET">
  <testcase classname="com.learnautomation.testcases.LoginTestCRM" name="loginApp" time="0.037">
    <failure type="java.lang.NullPointerException" message="Cannot invoke &amp;quot;org.apache.poi.xssf.usermodel.XSSFWorkbook.getSheet(String)&amp;quot; because &amp;quot;this.wb&amp;quot; is null">
      <![CDATA[java.lang.NullPointerException: Cannot invoke "org.apache.poi.xssf.usermodel.XSSFWorkbook.getSheet(String)" because "this.wb" is null
at com.learnautomation.utility.ExcelDataProvider.getStringData(ExcelDataProvider.java:36)
at com.learnautomation.testcases.LoginTestCRM.loginApp(LoginTestCRM.java:16)
at java.base/java.util.ArrayList.forEach(Unknown Source)
... Removed 27 stack frames]]>
    </failure>
  </testcase> <!-- loginApp -->
</testsuite> <!-- Test -->
